# JRE version: OpenJDK Runtime Environment Microsoft-8035246 (17.0.8+7) (build 17.0.8+7-LTS)
# Java VM: OpenJDK 64-Bit Server VM Microsoft-8035246 (17.0.8+7-LTS, mixed mode, sharing, tiered, compressed oops, compressed class ptrs, g1 gc, windows-amd64)
GC Precious Log:
 CPUs: 4 total, 4 available
 Memory: 12162M
 Large Page Support: Disabled
 NUMA Support: Disabled
 Compressed Oops: Enabled (32-bit)
 Heap Region Size: 1M
 Heap Min Capacity: 8M
 Heap Initial Capacity: 192M
 Heap Max Capacity: 2G
 Pre-touch: Disabled
 Parallel Workers: 4
 Concurrent Workers: 1
 Concurrent Refinement Workers: 4
 Periodic GC: Disabled
Heap:
 garbage-first heap   total 248832K, used 196639K [0x0000000080000000, 0x0000000100000000)
  region size 1024K, 39 young (39936K), 7 survivors (7168K)
 Metaspace       used 102009K, committed 102976K, reserved 557056K
  class space    used 14083K, committed 14592K, reserved 425984K
GC Heap History (20 events):
Event: 77.425 GC heap before
{Heap before GC invocations=56 (full 0):
 garbage-first heap   total 206848K, used 164675K [0x0000000080000000, 0x0000000100000000)
  region size 1024K, 44 young (45056K), 4 survivors (4096K)
 Metaspace       used 90193K, committed 91072K, reserved 557056K
  class space    used 12629K, committed 13056K, reserved 425984K
}
Event: 77.443 GC heap after
{Heap after GC invocations=57 (full 0):
 garbage-first heap   total 206848K, used 133955K [0x0000000080000000, 0x0000000100000000)
  region size 1024K, 6 young (6144K), 6 survivors (6144K)
 Metaspace       used 90193K, committed 91072K, reserved 557056K
  class space    used 12629K, committed 13056K, reserved 425984K
}
Event: 78.752 GC heap before
{Heap before GC invocations=57 (full 0):
 garbage-first heap   total 206848K, used 165699K [0x0000000080000000, 0x0000000100000000)
  region size 1024K, 37 young (37888K), 6 survivors (6144K)
 Metaspace       used 92174K, committed 93056K, reserved 557056K
  class space    used 12908K, committed 13312K, reserved 425984K
}
Event: 78.768 GC heap after
{Heap after GC invocations=58 (full 0):
 garbage-first heap   total 206848K, used 136830K [0x0000000080000000, 0x0000000100000000)
  region size 1024K, 3 young (3072K), 3 survivors (3072K)
 Metaspace       used 92174K, committed 93056K, reserved 557056K
  class space    used 12908K, committed 13312K, reserved 425984K
}
Event: 79.558 GC heap before
{Heap before GC invocations=58 (full 0):
 garbage-first heap   total 206848K, used 167550K [0x0000000080000000, 0x0000000100000000)
  region size 1024K, 33 young (33792K), 3 survivors (3072K)
 Metaspace       used 95508K, committed 96448K, reserved 557056K
  class space    used 13363K, committed 13824K, reserved 425984K
}
Event: 79.566 GC heap after
{Heap after GC invocations=59 (full 0):
 garbage-first heap   total 206848K, used 137884K [0x0000000080000000, 0x0000000100000000)
  region size 1024K, 4 young (4096K), 4 survivors (4096K)
 Metaspace       used 95508K, committed 96448K, reserved 557056K
  class space    used 13363K, committed 13824K, reserved 425984K
}
Event: 80.493 GC heap before
{Heap before GC invocations=59 (full 0):
 garbage-first heap   total 206848K, used 170652K [0x0000000080000000, 0x0000000100000000)
  region size 1024K, 36 young (36864K), 4 survivors (4096K)
 Metaspace       used 96993K, committed 97920K, reserved 557056K
  class space    used 13560K, committed 14016K, reserved 425984K
}
Event: 80.512 GC heap after
{Heap after GC invocations=60 (full 0):
 garbage-first heap   total 206848K, used 141138K [0x0000000080000000, 0x0000000100000000)
  region size 1024K, 5 young (5120K), 5 survivors (5120K)
 Metaspace       used 96993K, committed 97920K, reserved 557056K
  class space    used 13560K, committed 14016K, reserved 425984K
}
Event: 81.310 GC heap before
{Heap before GC invocations=60 (full 0):
 garbage-first heap   total 206848K, used 171858K [0x0000000080000000, 0x0000000100000000)
  region size 1024K, 35 young (35840K), 5 survivors (5120K)
 Metaspace       used 98140K, committed 99008K, reserved 557056K
  class space    used 13699K, committed 14144K, reserved 425984K
}
Event: 81.326 GC heap after
{Heap after GC invocations=61 (full 0):
 garbage-first heap   total 206848K, used 144456K [0x0000000080000000, 0x0000000100000000)
  region size 1024K, 4 young (4096K), 4 survivors (4096K)
 Metaspace       used 98140K, committed 99008K, reserved 557056K
  class space    used 13699K, committed 14144K, reserved 425984K
}
Event: 82.038 GC heap before
{Heap before GC invocations=61 (full 0):
 garbage-first heap   total 206848K, used 173128K [0x0000000080000000, 0x0000000100000000)
  region size 1024K, 32 young (32768K), 4 survivors (4096K)
 Metaspace       used 98405K, committed 99392K, reserved 557056K
  class space    used 13711K, committed 14208K, reserved 425984K
}
Event: 82.052 GC heap after
{Heap after GC invocations=62 (full 0):
 garbage-first heap   total 206848K, used 147422K [0x0000000080000000, 0x0000000100000000)
  region size 1024K, 3 young (3072K), 3 survivors (3072K)
 Metaspace       used 98405K, committed 99392K, reserved 557056K
  class space    used 13711K, committed 14208K, reserved 425984K
}
Event: 82.758 GC heap before
{Heap before GC invocations=62 (full 0):
 garbage-first heap   total 206848K, used 174046K [0x0000000080000000, 0x0000000100000000)
  region size 1024K, 29 young (29696K), 3 survivors (3072K)
 Metaspace       used 98813K, committed 99776K, reserved 557056K
  class space    used 13757K, committed 14208K, reserved 425984K
}
Event: 82.779 GC heap after
{Heap after GC invocations=63 (full 0):
 garbage-first heap   total 206848K, used 150633K [0x0000000080000000, 0x0000000100000000)
  region size 1024K, 4 young (4096K), 4 survivors (4096K)
 Metaspace       used 98813K, committed 99776K, reserved 557056K
  class space    used 13757K, committed 14208K, reserved 425984K
}
Event: 83.528 GC heap before
{Heap before GC invocations=63 (full 0):
 garbage-first heap   total 206848K, used 179305K [0x0000000080000000, 0x0000000100000000)
  region size 1024K, 28 young (28672K), 4 survivors (4096K)
 Metaspace       used 100788K, committed 101696K, reserved 557056K
  class space    used 13927K, committed 14400K, reserved 425984K
}
Event: 83.544 GC heap after
{Heap after GC invocations=64 (full 0):
 garbage-first heap   total 248832K, used 153883K [0x0000000080000000, 0x0000000100000000)
  region size 1024K, 4 young (4096K), 4 survivors (4096K)
 Metaspace       used 100788K, committed 101696K, reserved 557056K
  class space    used 13927K, committed 14400K, reserved 425984K
}
Event: 85.168 GC heap before
{Heap before GC invocations=64 (full 0):
 garbage-first heap   total 248832K, used 204059K [0x0000000080000000, 0x0000000100000000)
  region size 1024K, 54 young (55296K), 4 survivors (4096K)
 Metaspace       used 101719K, committed 102720K, reserved 557056K
  class space    used 14053K, committed 14528K, reserved 425984K
}
Event: 85.182 GC heap after
{Heap after GC invocations=65 (full 0):
 garbage-first heap   total 248832K, used 156114K [0x0000000080000000, 0x0000000100000000)
  region size 1024K, 6 young (6144K), 6 survivors (6144K)
 Metaspace       used 101719K, committed 102720K, reserved 557056K
  class space    used 14053K, committed 14528K, reserved 425984K
}
Event: 86.623 GC heap before
{Heap before GC invocations=65 (full 0):
 garbage-first heap   total 248832K, used 206290K [0x0000000080000000, 0x0000000100000000)
  region size 1024K, 56 young (57344K), 6 survivors (6144K)
 Metaspace       used 101912K, committed 102912K, reserved 557056K
  class space    used 14083K, committed 14592K, reserved 425984K
}
Event: 86.637 GC heap after
{Heap after GC invocations=66 (full 0):
 garbage-first heap   total 248832K, used 160799K [0x0000000080000000, 0x0000000100000000)
  region size 1024K, 7 young (7168K), 7 survivors (7168K)
 Metaspace       used 101912K, committed 102912K, reserved 557056K
  class space    used 14083K, committed 14592K, reserved 425984K
}

